Determining if the pthread_create exist failed with the following output:
Change Dir: /home/rical/laser/build/CMakeFiles/CMakeTmp

Run Build Command:"/usr/bin/make" "cmTC_8ceec/fast"
make[1]: Entering directory '/home/rical/laser/build/CMakeFiles/CMakeTmp'
/usr/bin/make -f CMakeFiles/cmTC_8ceec.dir/build.make CMakeFiles/cmTC_8ceec.dir/build
make[2]: Entering directory '/home/rical/laser/build/CMakeFiles/CMakeTmp'
Building C object CMakeFiles/cmTC_8ceec.dir/CheckSymbolExists.c.o
/usr/bin/cc    -o CMakeFiles/cmTC_8ceec.dir/CheckSymbolExists.c.o   -c /home/rical/laser/build/CMakeFiles/CMakeTmp/CheckSymbolExists.c
Linking C executable cmTC_8ceec
/usr/bin/cmake -E cmake_link_script CMakeFiles/cmTC_8ceec.dir/link.txt --verbose=1
/usr/bin/cc      -rdynamic CMakeFiles/cmTC_8ceec.dir/CheckSymbolExists.c.o  -o cmTC_8ceec 
CMakeFiles/cmTC_8ceec.dir/CheckSymbolExists.c.o: In function `main':
CheckSymbolExists.c:(.text+0x1b): undefined reference to `pthread_create'
collect2: error: ld returned 1 exit status
CMakeFiles/cmTC_8ceec.dir/build.make:97: recipe for target 'cmTC_8ceec' failed
make[2]: *** [cmTC_8ceec] Error 1
make[2]: Leaving directory '/home/rical/laser/build/CMakeFiles/CMakeTmp'
Makefile:126: recipe for target 'cmTC_8ceec/fast' failed
make[1]: *** [cmTC_8ceec/fast] Error 2
make[1]: Leaving directory '/home/rical/laser/build/CMakeFiles/CMakeTmp'

File /home/rical/laser/build/CMakeFiles/CMakeTmp/CheckSymbolExists.c:
/* */
#include <pthread.h>

int main(int argc, char** argv)
{
  (void)argv;
#ifndef pthread_create
  return ((int*)(&pthread_create))[argc];
#else
  (void)argc;
  return 0;
#endif
}

Determining if the function pthread_create exists in the pthreads failed with the following output:
Change Dir: /home/rical/laser/build/CMakeFiles/CMakeTmp

Run Build Command:"/usr/bin/make" "cmTC_c15b0/fast"
make[1]: Entering directory '/home/rical/laser/build/CMakeFiles/CMakeTmp'
/usr/bin/make -f CMakeFiles/cmTC_c15b0.dir/build.make CMakeFiles/cmTC_c15b0.dir/build
make[2]: Entering directory '/home/rical/laser/build/CMakeFiles/CMakeTmp'
Building C object CMakeFiles/cmTC_c15b0.dir/CheckFunctionExists.c.o
/usr/bin/cc   -DCHECK_FUNCTION_EXISTS=pthread_create   -o CMakeFiles/cmTC_c15b0.dir/CheckFunctionExists.c.o   -c /usr/share/cmake-3.10/Modules/CheckFunctionExists.c
Linking C executable cmTC_c15b0
/usr/bin/cmake -E cmake_link_script CMakeFiles/cmTC_c15b0.dir/link.txt --verbose=1
/usr/bin/cc  -DCHECK_FUNCTION_EXISTS=pthread_create    -rdynamic CMakeFiles/cmTC_c15b0.dir/CheckFunctionExists.c.o  -o cmTC_c15b0 -lpthreads 
/usr/bin/x86_64-linux-gnu-ld: cannot find -lpthreads
collect2: error: ld returned 1 exit status
CMakeFiles/cmTC_c15b0.dir/build.make:97: recipe for target 'cmTC_c15b0' failed
make[2]: *** [cmTC_c15b0] Error 1
make[2]: Leaving directory '/home/rical/laser/build/CMakeFiles/CMakeTmp'
Makefile:126: recipe for target 'cmTC_c15b0/fast' failed
make[1]: *** [cmTC_c15b0/fast] Error 2
make[1]: Leaving directory '/home/rical/laser/build/CMakeFiles/CMakeTmp'


